https://www.naukri.com/fresher-machine-learning-jobs-in-hyderabad-secunderabad
https://www.naukri.com/artificial-intelligence-jobs-in-hyderabad-secunderabad
https://in.linkedin.com/jobs/machine-learning-jobs-greater-hyderabad-area
https://in.indeed.com/q-ai-ml-fresher-jobs.html
https://in.indeed.com/q-machine-learning-ai-ml-l-hyderabad,-telangana-jobs.html
https://in.linkedin.com/jobs/artificial-intelligence-engineer-jobs-hyderabad
https://www.naukri.com/machine-learning-jobs-in-hyderabad-secunderabad
https://www.naukri.com/python-fresher-jobs-in-hyderabad-secunderabad
https://in.linkedin.com/jobs/python-fresher-jobs-hyderabad
https://in.indeed.com/q-python-developer-l-hyderabad,-telangana-jobs.html
https://www.naukri.com/fresher-python-jobs-in-hyderabad-secunderabad
https://in.indeed.com/q-python-l-hyderabad,-telangana-jobs.html
https://in.indeed.com/q-python-jobs-hyderabad-fresher-jobs.html
https://www.naukri.com/python-jobs-in-hyderabad-secunderabad
https://www.naukri.com/data-scientist-jobs-in-hyderabad-secunderabad
https://in.indeed.com/q-data-scientist-l-hyderabad,-telangana-jobs.html
https://in.linkedin.com/jobs/data-scientist-jobs-greater-hyderabad-area
https://in.indeed.com/q-data-science-fresher-l-hyderabad,-telangana-jobs.html
https://in.indeed.com/q-fresher-,data-scientist-l-hyderabad,-telangana-jobs.html
https://in.linkedin.com/jobs/data-science-jobs-hyderabad
https://in.indeed.com/q-data-science-fresher-l-gachibowli,-hyderabad,-telangana-jobs.html
https://in.indeed.com/q-ai-fresher-l-hyderabad,-telangana-jobs.html
https://in.indeed.com/q-artificial-intelligence-l-hyderabad,-telangana-jobs.html
https://in.linkedin.com/jobs/artificial-intelligence-jobs-greater-hyderabad-area
https://www.naukri.com/python-fresher-jobs
https://in.indeed.com/q-python-full-stack-developer-l-hyderabad,-telangana-jobs.html
https://in.linkedin.com/jobs/python-jobs-greater-hyderabad-area
https://in.indeed.com/q-python-2-years-experience-l-hyderabad,-telangana-jobs.html
https://in.linkedin.com/jobs/data-science-entry-level-jobs
https://in.indeed.com/q-data-scientist,-12-lpa,-fresher-jobs.html
https://www.naukri.com/junior-data-scientist-jobs-in-hyderabad-secunderabad
https://in.linkedin.com/jobs/data-scientist-fresher-jobs
https://in.indeed.com/q-ai-ml-freshers-jobs.html
https://in.indeed.com/q-machine-learning-ai-fresher-jobs.html
https://in.indeed.com/q-python-fresher-l-hyderabad,-telangana-jobs.html
https://www.naukri.com/python-jobs
https://www.naukri.com/python-developer-jobs-in-hyderabad-secunderabad
https://in.indeed.com/q-python-fresher-l-dilsukhnagar,-hyderabad,-telangana-jobs.html
https://www.naukri.com/data-science-jobs-in-hyderabad-secunderabad
https://www.naukri.com/data-scientist-fresher-jobs-in-india
https://in.indeed.com/q-data-scientist,-10-lpa,-fresher-l-hyderabad,-telangana-jobs.html
https://www.glassdoor.co.in/Job/hyder%C4%81b%C4%81d-data-scientist-jobs-SRCH_IL.0,9_IC2865319_KO10,24.htm
https://in.linkedin.com/jobs/machine-learning-entry-level-jobs
https://www.naukri.com/ai-ml-jobs-in-hyderabad-secunderabad
https://in.linkedin.com/jobs/python-fresher-jobs
https://in.linkedin.com/jobs/junior-data-scientist-jobs-greater-hyderabad-area
https://in.indeed.com/q-data-science-fresher-l-hitec-city,-hyderabad,-telangana-jobs.html
https://in.indeed.com/q-ai-jobs-fresher-l-hyderabad,-telangana-jobs.html
https://www.naukri.com/fresher-artificial-intelligence-jobs
https://in.indeed.com/q-walkin-interview,-data-scientist-l-hyderabad,-telangana-jobs.html
https://in.indeed.com/q-data-scientist-with-1-year-experience-l-hyderabad,-telangana-jobs.html
https://in.indeed.com/q-junior-ai-ml-engineer-l-hyderabad,-telangana-jobs.html
https://in.indeed.com/q-data-science-fresher-l-kphb-colony,-hyderabad,-telangana-jobs.html
https://www.glassdoor.co.in/Job/hyder%C4%81b%C4%81d-python-developer-jobs-SRCH_IL.0,9_IC2865319_KO10,26.htm
https://www.naukri.com/data-scientist-fresher-jobs
https://in.indeed.com/q-data-analytics-fresher-l-hyderabad,-telangana-jobs.html
https://www.naukri.com/artificial-intelligence-for-freshers-jobs-in-india
https://in.indeed.com/q-python-fresher,-valuelabs-l-hyderabad,-telangana-jobs.html
https://in.indeed.com/q-genpact-fresher,-python-developer-l-hyderabad,-telangana-jobs.html
https://in.indeed.com/q-data-science-fresher,-entry-level-l-hyderabad,-telangana-jobs.html
https://in.indeed.com/q-machine-learning-l-hyderabad,-telangana-jobs.html
https://www.naukri.com/ai-ml-jobs
https://in.indeed.com/q-python-fresher-jobs.html
https://www.naukri.com/junior-data-scientist-jobs
https://in.indeed.com/q-hiring-python-fresher-l-hyderabad,-telangana-jobs.html
https://www.naukri.com/python-developer-jobs-in-pan-india
https://www.naukri.com/data-scientist-fresher-jobs-in-hyderabad-secunderabad
